

Execution datetime: 20190620.073225 


Trying 10.176.14.232...
Connected to 10.176.14.232.
Escape character is '^]'.



CallCenter-Dist-1#
CallCenter-Dist-1#
end
exit

exit
enable
skip
copy run tftp 10.175.4.58 configs/cr490-june19/call-dist1.conf
^C
CallCenter-Dist-1#
CallCenter-Dist-1#end
Invalid input -> end
Type ? for a list
CallCenter-Dist-1#exit
CallCenter-Dist-1>
SYSLOG: <14> Jun 20 06:32:27 CallCenter-Dist-1 Security: console logout by un-authenticated console user from PRIVILEGED EXEC mode 
^C
CallCenter-Dist-1>
CallCenter-Dist-1>exit
Invalid input -> exit
Type ? for a list
CallCenter-Dist-1>enable
No password has been assigned yet...
CallCenter-Dist-1#
SYSLOG: <14> Jun 20 06:32:32 CallCenter-Dist-1 Security: console login by un-authenticated console user to PRIVILEGED EXEC mode 
skip
Disable page display mode
CallCenter-Dist-1#copy run tftp 10.175.4.58 configs/cr490-june19/call-dist1.conf
CallCenter-Dist-1#.Upload running-config to TFTP server done.
CallCenter-Dist-1#