

Execution datetime: 20190620.073225 


Trying 10.176.14.231...
Connected to 10.176.14.231.
Escape character is '^]'.



RemoteOffice1-Router>
exit
enable
skip
copy run tftp 10.175.4.58 configs/cr490-june19/remote1-router.conf

RemoteOffice1-Router>^C
RemoteOffice1-Router>
RemoteOffice1-Router>exit
Invalid input -> exit
Type ? for a list
RemoteOffice1-Router>enable
Password:
Error - incorrect password.
RemoteOffice1-Router>
SYSLOG: <14> Jun 20 06:32:31 RemoteOffice1-Router Security: Access to PRIVILEGED EXEC is rejected for console session due to Incorrect username or password 
copy run tftp 10.175.4.58 configs/cr490-june19/remote1-router.conf
Invalid input -> copy run tftp 10.175.4.58 configs/cr490-june19/remote1-router.conf
Type ? for a list
RemoteOffice1-Router>