

Execution datetime: 20190620.073215 


Trying 10.176.14.232...
Connected to 10.176.14.232.
Escape character is '^]'.



CallCenter-Access-1#
CallCenter-Access-1#
end
exit

exit
enable
skip
copy run tftp 10.175.4.58 configs/cr490-june19/call-access1.conf
^C
CallCenter-Access-1#
CallCenter-Access-1#end
Invalid input -> end
Type ? for a list
CallCenter-Access-1#exit
CallCenter-Access-1>
SYSLOG: <14> Jun 20 06:32:16 CallCenter-Access-1 Security: console logout by un-authenticated console user from PRIVILEGED EXEC mode 
^C
CallCenter-Access-1>
CallCenter-Access-1>exit
Invalid input -> exit
Type ? for a list
CallCenter-Access-1>enable
No password has been assigned yet...
CallCenter-Access-1#
SYSLOG: <14> Jun 20 06:32:21 CallCenter-Access-1 Security: console login by un-authenticated console user to PRIVILEGED EXEC mode 
skip
Disable page display mode
CallCenter-Access-1#copy run tftp 10.175.4.58 configs/cr490-june19/call-access1.conf
CallCenter-Access-1#Upload running-config to TFTP server done.
CallCenter-Access-1#