

Execution datetime: 20190620.070548 


Trying 10.176.14.233...
Connected to 10.176.14.233.
Escape character is '^]'.



BROKEN-WAS-SITEB-IDF1-NO-POE-1124-speed-mismatch>
BROKEN-WAS-SITEB-IDF1-NO-POE-1124-speed-mismatch>
exit
enable
skip
copy run tftp 10.175.4.58 %test_attr%
^C
BROKEN-WAS-SITEB-IDF1-NO-POE-1124-speed-mismatch>
BROKEN-WAS-SITEB-IDF1-NO-POE-1124-speed-mismatch>exit
Invalid input -> exit
Type ? for a list
BROKEN-WAS-SITEB-IDF1-NO-POE-1124-speed-mismatch>enable
No password has been assigned yet...
BROKEN-WAS-SITEB-IDF1-NO-POE-1124-speed-mismatch#skip
Disable page display mode
BROKEN-WAS-SITEB-IDF1-NO-POE-1124-speed-mismatch#copy run tftp 10.175.4.58 %test_attr%
BROKEN-WAS-SITEB-IDF1-NO-POE-1124-speed-mismatch#TFTP: received error request -- code 0 message Permission denied
Error - cannot upload running-config to TFTP server.
BROKEN-WAS-SITEB-IDF1-NO-POE-1124-speed-mismatch#