

Execution datetime: 20190620.073225 


Trying 10.176.14.233...
Connected to 10.176.14.233.
Escape character is '^]'.



DC-Edge2#
end
exit

exit
enable
skip
copy run tftp 10.175.4.58 configs/cr490-june19/edge2.conf

DC-Edge2#^C
DC-Edge2#
DC-Edge2#end
Invalid input -> end
Type ? for a list
DC-Edge2#exit
DC-Edge2>
SYSLOG: <14> Jun 20 06:32:27 DC-Edge2 Security: console logout by un-authenticated console user from PRIVILEGED EXEC mode 
^C
DC-Edge2>
DC-Edge2>exit
Invalid input -> exit
Type ? for a list
DC-Edge2>enable
No password has been assigned yet...
DC-Edge2#
SYSLOG: <14> Jun 20 06:32:32 DC-Edge2 Security: console login by un-authenticated console user to PRIVILEGED EXEC mode 
skip
Disable page display mode
DC-Edge2#copy run tftp 10.175.4.58 configs/cr490-june19/edge2.conf
DC-Edge2#Upload running-config to TFTP server done.
DC-Edge2#