

Execution datetime: 20190620.070510 


Trying 10.176.14.232...
Connected to 10.176.14.232.
Escape character is '^]'.



SiteB-Dist2>
SiteB-Dist2>
exit
enable
skip
copy run tftp 10.175.4.58 %test_attr%
^C
SiteB-Dist2>
SiteB-Dist2>exit
Invalid input -> exit
Type ? for a list
SiteB-Dist2>enable
No password has been assigned yet...
SiteB-Dist2#
SYSLOG: <14> Jun 20 12:13:53 SiteB-Dist2 Security: console login by un-authenticated console user to PRIVILEGED EXEC mode 
skip
Disable page display mode
SiteB-Dist2#copy run tftp 10.175.4.58 %test_attr%
SiteB-Dist2#TFTP: received error request -- code 0 message Permission denied
Error - cannot upload running-config to TFTP server.
SiteB-Dist2#