

Execution datetime: 20190620.073215 


Trying 10.176.14.233...
Connected to 10.176.14.233.
Escape character is '^]'.



DC-Edge1#
DC-Edge1#
end
exit

exit
enable
skip
copy run tftp 10.175.4.58 configs/cr490-june19/edge1.conf
^C
DC-Edge1#
DC-Edge1#end
Invalid input -> end
Type ? for a list
DC-Edge1#exit
DC-Edge1>
SYSLOG: <14> Jun 20 06:32:16 DC-Edge1 Security: console logout by un-authenticated console user from PRIVILEGED EXEC mode 
^C
DC-Edge1>
DC-Edge1>exit
Invalid input -> exit
Type ? for a list
DC-Edge1>enable
No password has been assigned yet...
DC-Edge1#
SYSLOG: <14> Jun 20 06:32:21 DC-Edge1 Security: console login by un-authenticated console user to PRIVILEGED EXEC mode 
skip
Disable page display mode
DC-Edge1#copy run tftp 10.175.4.58 configs/cr490-june19/edge1.conf
DC-Edge1#Upload running-config to TFTP server done.
DC-Edge1#