

Execution datetime: 20190620.073225 


Trying 10.176.14.232...
Connected to 10.176.14.232.
Escape character is '^]'.



RemoteOffice1-Switch>
exit
enable
skip
copy run tftp 10.175.4.58 configs/cr490-june19/remote1-access.conf

RemoteOffice1-Switch>^C
RemoteOffice1-Switch>
RemoteOffice1-Switch>exit
Invalid input -> exit
Type ? for a list
RemoteOffice1-Switch>enable
Password:
Error - incorrect password.
RemoteOffice1-Switch>
SYSLOG: <14> Jun 20 06:29:26 RemoteOffice1-Switch Security: Access to PRIVILEGED EXEC is rejected for console session due to Incorrect username or password 
copy run tftp 10.175.4.58 configs/cr490-june19/remote1-access.conf
Invalid input -> copy run tftp 10.175.4.58 configs/cr490-june19/remote1-access.conf
Type ? for a list
RemoteOffice1-Switch>