

Execution datetime: 20190620.073245 


Trying 10.176.14.231...
Connected to 10.176.14.231.
Escape character is '^]'.



DC-Access-3#
DC-Access-3#
end
exit

exit
enable
skip
copy run tftp 10.175.4.58 configs/cr490-june19/dc-access3.conf
^C
DC-Access-3#
DC-Access-3#end
Invalid input -> end
Type ? for a list
DC-Access-3#exit
DC-Access-3>
SYSLOG: <14> Jun 20 06:32:45 DC-Access-3 Security: console logout by un-authenticated console user from PRIVILEGED EXEC mode 
^C
DC-Access-3>
DC-Access-3>exit
Invalid input -> exit
Type ? for a list
DC-Access-3>enable
No password has been assigned yet...
DC-Access-3#
SYSLOG: <14> Jun 20 06:32:51 DC-Access-3 Security: console login by un-authenticated console user to PRIVILEGED EXEC mode 
skip
Disable page display mode
DC-Access-3#copy run tftp 10.175.4.58 configs/cr490-june19/dc-access3.conf
DC-Access-3#Upload running-config to TFTP server done.
DC-Access-3#