

Execution datetime: 20190620.073236 


Trying 10.176.14.231...
Connected to 10.176.14.231.
Escape character is '^]'.



Corp2-Dist-1#
Corp2-Dist-1#
end
exit

exit
enable
skip
copy run tftp 10.175.4.58 configs/cr490-june19/corp2-dist1.conf
^C
Corp2-Dist-1#
Corp2-Dist-1#end
Invalid input -> end
Type ? for a list
Corp2-Dist-1#exit
Corp2-Dist-1>
SYSLOG: <14> Jun 20 06:32:37 Corp2-Dist-1 Security: console logout by un-authenticated console user from PRIVILEGED EXEC mode 
^C
Corp2-Dist-1>
Corp2-Dist-1>exit
Invalid input -> exit
Type ? for a list
Corp2-Dist-1>enable
No password has been assigned yet...
Corp2-Dist-1#
SYSLOG: <14> Jun 20 06:32:42 Corp2-Dist-1 Security: console login by un-authenticated console user to PRIVILEGED EXEC mode 
skip
Disable page display mode
Corp2-Dist-1#copy run tftp 10.175.4.58 configs/cr490-june19/corp2-dist1.conf
Corp2-Dist-1#Upload running-config to TFTP server done.
Corp2-Dist-1#