

Execution datetime: 20190620.073305 


Trying 10.176.14.231...
Connected to 10.176.14.231.
Escape character is '^]'.



Corp2-Access-3(Stack)#
end
exit

exit
enable
skip
copy run tftp 10.175.4.58 configs/cr490-june19/corp2-access3.conf

Corp2-Access-3(Stack)#^C
Corp2-Access-3(Stack)#
Corp2-Access-3(Stack)#end
Invalid input -> end
Type ? for a list
Corp2-Access-3(Stack)#exit
Corp2-Access-3(Stack)>
SYSLOG: <14> Jun 20 06:33:06 Corp2-Access-3(Stack) Security: console logout by un-authenticated console user from PRIVILEGED EXEC mode 
^C
Corp2-Access-3(Stack)>
Corp2-Access-3(Stack)>exit
Invalid input -> exit
Type ? for a list
Corp2-Access-3(Stack)>enable
No password has been assigned yet...

SYSLOG: <14> Jun 20 06:33:11 Corp2-Access-3(Stack) Security: console login by un-authenticated console user to PRIVILEGED EXEC mode 
Corp2-Access-3(Stack)#skip
Disable page display mode
Corp2-Access-3(Stack)#
SYSLOG: <14> Jun 20 06:33:13 Corp2-Access-3(Stack) System: Interface ethernet 1/1/23, state down 
copy run tftp 10.175.4.58 configs/cr490-june19/corp2-access3.conf
Corp2-Access-3(Stack)#Upload running-config to TFTP server done.
Corp2-Access-3(Stack)#