

Execution datetime: 20190620.073205 


Trying 10.176.14.232...
Connected to 10.176.14.232.
Escape character is '^]'.



ISP2(AS30)#
end
exit

exit
enable
skip
copy run tftp 10.175.4.58 configs/cr490-june19/isp2.conf

ISP2(AS30)#^C
ISP2(AS30)#
ISP2(AS30)#end
Invalid input -> end
Type ? for a list
ISP2(AS30)#exit
ISP2(AS30)>
SYSLOG: <14> Jun 20 06:32:06 ISP2(AS30) Security: console logout by un-authenticated console user from PRIVILEGED EXEC mode 
^C
ISP2(AS30)>
ISP2(AS30)>exit
Invalid input -> exit
Type ? for a list
ISP2(AS30)>enable
No password has been assigned yet...
ISP2(AS30)#
SYSLOG: <14> Jun 20 06:32:11 ISP2(AS30) Security: console login by un-authenticated console user to PRIVILEGED EXEC mode 
skip
Disable page display mode
ISP2(AS30)#copy run tftp 10.175.4.58 configs/cr490-june19/isp2.conf
ISP2(AS30)#.Upload running-config to TFTP server done.
ISP2(AS30)#