

Execution datetime: 20190620.073155 


Trying 10.176.14.232...
Connected to 10.176.14.232.
Escape character is '^]'.



Remote2-Switch#
Remote2-Switch#
end
exit

exit
enable
skip
copy run tftp 10.175.4.58 configs/cr490-june19/remote2-access.conf
^C
Remote2-Switch#
Remote2-Switch#end
Invalid input -> end
Type ? for a list
Remote2-Switch#exit
Remote2-Switch>
SYSLOG: <14> Jan 15 08:58:33 Remote2-Switch Security: console logout by un-authenticated console user from PRIVILEGED EXEC mode 
^C
Remote2-Switch>
Remote2-Switch>exit
Invalid input -> exit
Type ? for a list
Remote2-Switch>enable
No password has been assigned yet...
Remote2-Switch#
SYSLOG: <14> Jan 15 08:58:38 Remote2-Switch Security: console login by un-authenticated console user to PRIVILEGED EXEC mode 
skip
Disable page display mode
Remote2-Switch#copy run tftp 10.175.4.58 configs/cr490-june19/remote2-access.conf
Remote2-Switch#