

Execution datetime: 20190620.073205 


Trying 10.176.14.232...
Connected to 10.176.14.232.
Escape character is '^]'.



CallCenter-Dist-2#
CallCenter-Dist-2#
end
exit

exit
enable
skip
copy run tftp 10.175.4.58 configs/cr490-june19/call-dist2.conf
^C
CallCenter-Dist-2#
CallCenter-Dist-2#end
Invalid input -> end
Type ? for a list
CallCenter-Dist-2#exit
CallCenter-Dist-2>
SYSLOG: <14> Jun 20 06:32:06 CallCenter-Dist-2 Security: console logout by un-authenticated console user from PRIVILEGED EXEC mode 
^C
CallCenter-Dist-2>
CallCenter-Dist-2>exit
Invalid input -> exit
Type ? for a list
CallCenter-Dist-2>enable
No password has been assigned yet...
CallCenter-Dist-2#
SYSLOG: <14> Jun 20 06:32:11 CallCenter-Dist-2 Security: console login by un-authenticated console user to PRIVILEGED EXEC mode 
skip
Disable page display mode
CallCenter-Dist-2#copy run tftp 10.175.4.58 configs/cr490-june19/call-dist2.conf
CallCenter-Dist-2#.Upload running-config to TFTP server done.
CallCenter-Dist-2#