

Execution datetime: 20190620.073205 


Trying 10.176.14.232...
Connected to 10.176.14.232.
Escape character is '^]'.



DC-Agg-1#
DC-Agg-1#
end
exit

exit
enable
skip
copy run tftp 10.175.4.58 configs/cr490-june19/dc-agg1.conf
^C
DC-Agg-1#
DC-Agg-1#end
Invalid input -> end
Type ? for a list
DC-Agg-1#exit
DC-Agg-1>
SYSLOG: <14> Jun 20 06:32:06 DC-Agg-1 Security: console logout by un-authenticated console user from PRIVILEGED EXEC mode 
^C
DC-Agg-1>
DC-Agg-1>exit
Invalid input -> exit
Type ? for a list
DC-Agg-1>enable
No password has been assigned yet...
DC-Agg-1#
SYSLOG: <14> Jun 20 06:32:11 DC-Agg-1 Security: console login by un-authenticated console user to PRIVILEGED EXEC mode 
skip
Disable page display mode
DC-Agg-1#copy run tftp 10.175.4.58 configs/cr490-june19/dc-agg1.conf
DC-Agg-1#Upload running-config to TFTP server done.
DC-Agg-1#